<?xml version="1.0" encoding="UTF-8"?>
<!-- Generated by org.testng.reporters.JUnitReportReporter -->
<testsuite hostname="MAHANTI" failures="0" tests="1" name="com.HRM.qa.testcases.HomePageTest" time="21.320" errors="0" timestamp="08 Nov 2023 18:11:59 GMT" skipped="0">
  <testcase classname="com.HRM.qa.testcases.HomePageTest" name="verifyHomePageTitleTest" time="21.320"/>
</testsuite> <!-- com.HRM.qa.testcases.HomePageTest -->
