<?xml version="1.0" encoding="UTF-8"?>
<!-- Generated by org.testng.reporters.JUnitReportReporter -->
<testsuite hostname="MAHANTI" failures="0" tests="2" name="com.HRM.qa.testcases.LoginPageTest" time="40.374" errors="0" timestamp="10 Nov 2023 07:54:01 GMT" skipped="0">
  <testcase classname="com.HRM.qa.testcases.LoginPageTest" name="verifyHomePageTitleTest" time="20.714"/>
  <testcase classname="com.HRM.qa.testcases.LoginPageTest" name="loginTest" time="19.660"/>
</testsuite> <!-- com.HRM.qa.testcases.LoginPageTest -->
